
[0m[2m[35m$[0m [2m[1mtsc --noEmit[0m
[96m../api/src/app.ts[0m:[93m17[0m:[93m34[0m - [91merror[0m[90m TS6307: [0mFile '/Users/aryaminakshi/Developer/helpdesk/apps/api/src/middleware/logger.ts' is not listed within the file list of project '/Users/aryaminakshi/Developer/helpdesk/apps/web/tsconfig.json'. Projects must list all files or use an 'include' pattern.

[7m17[0m import { loggerMiddleware } from "./middleware/logger";
[7m  [0m [91m                                 ~~~~~~~~~~~~~~~~~~~~~[0m

[96m../api/src/context.ts[0m:[93m12[0m:[93m27[0m - [91merror[0m[90m TS6307: [0mFile '/Users/aryaminakshi/Developer/helpdesk/packages/auth/src/index.ts' is not listed within the file list of project '/Users/aryaminakshi/Developer/helpdesk/apps/web/tsconfig.json'. Projects must list all files or use an 'include' pattern.
  The file is in the program because:
    Imported via "@helpdesk/auth" from file '/Users/aryaminakshi/Developer/helpdesk/apps/api/src/context.ts'
    Imported via "@helpdesk/auth" from file '/Users/aryaminakshi/Developer/helpdesk/apps/api/src/lib/create-auth-from-env.ts'

[7m12[0m import type { Auth } from "@helpdesk/auth";
[7m  [0m [91m                          ~~~~~~~~~~~~~~~~[0m

  [96m../api/src/lib/create-auth-from-env.ts[0m:[93m8[0m:[93m28[0m
    [7m8[0m import { createAuth } from "@helpdesk/auth";
    [7m [0m [96m                           ~~~~~~~~~~~~~~~~[0m
    File is included via import here.

[96m../api/src/context.ts[0m:[93m13[0m:[93m29[0m - [91merror[0m[90m TS6307: [0mFile '/Users/aryaminakshi/Developer/helpdesk/packages/logger/src/index.ts' is not listed within the file list of project '/Users/aryaminakshi/Developer/helpdesk/apps/web/tsconfig.json'. Projects must list all files or use an 'include' pattern.
  The file is in the program because:
    Imported via "@helpdesk/logger" from file '/Users/aryaminakshi/Developer/helpdesk/apps/api/src/context.ts'
    Imported via "@helpdesk/logger" from file '/Users/aryaminakshi/Developer/helpdesk/apps/api/src/middleware/logger.ts'

[7m13[0m import type { Logger } from "@helpdesk/logger";
[7m  [0m [91m                            ~~~~~~~~~~~~~~~~~~[0m

  [96m../api/src/middleware/logger.ts[0m:[93m9[0m:[93m61[0m
    [7m9[0m import { createRequestLoggerFromRequest, type Logger } from "@helpdesk/logger";
    [7m [0m [96m                                                            ~~~~~~~~~~~~~~~~~~[0m
    File is included via import here.

[96m../api/src/lib/db.ts[0m:[93m11[0m:[93m52[0m - [91merror[0m[90m TS6307: [0mFile '/Users/aryaminakshi/Developer/helpdesk/packages/storage/src/db/index.ts' is not listed within the file list of project '/Users/aryaminakshi/Developer/helpdesk/apps/web/tsconfig.json'. Projects must list all files or use an 'include' pattern.
  The file is in the program because:
    Imported via "@helpdesk/storage" from file '/Users/aryaminakshi/Developer/helpdesk/apps/api/src/lib/db.ts'
    Imported via "@helpdesk/storage" from file '/Users/aryaminakshi/Developer/helpdesk/packages/auth/src/index.ts'
    Imported via "@helpdesk/storage" from file '/Users/aryaminakshi/Developer/helpdesk/packages/auth/src/config/stripe.ts'
    Imported via "@helpdesk/storage" from file '/Users/aryaminakshi/Developer/helpdesk/packages/auth/src/config/stripe.ts'
    Imported via "@helpdesk/storage" from file '/Users/aryaminakshi/Developer/helpdesk/apps/api/src/lib/create-auth-from-env.ts'
    Imported via "@helpdesk/storage" from file '/Users/aryaminakshi/Developer/helpdesk/apps/api/src/app.ts'

[7m11[0m import { createDb as createDbClient, schema } from "@helpdesk/storage";
[7m  [0m [91m                                                   ~~~~~~~~~~~~~~~~~~~[0m

  [96m../../packages/auth/src/index.ts[0m:[93m16[0m:[93m31[0m
    [7m16[0m import type { Database } from "@helpdesk/storage";
    [7m  [0m [96m                              ~~~~~~~~~~~~~~~~~~~[0m
    File is included via import here.
  [96m../../packages/auth/src/config/stripe.ts[0m:[93m9[0m:[93m31[0m
    [7m9[0m import type { Database } from "@helpdesk/storage";
    [7m [0m [96m                              ~~~~~~~~~~~~~~~~~~~[0m
    File is included via import here.
  [96m../../packages/auth/src/config/stripe.ts[0m:[93m10[0m:[93m44[0m
    [7m10[0m import { subscriptionPlans, members } from "@helpdesk/storage";
    [7m  [0m [96m                                           ~~~~~~~~~~~~~~~~~~~[0m
    File is included via import here.
  [96m../api/src/lib/create-auth-from-env.ts[0m:[93m9[0m:[93m31[0m
    [7m9[0m import type { Database } from "@helpdesk/storage";
    [7m [0m [96m                              ~~~~~~~~~~~~~~~~~~~[0m
    File is included via import here.
  [96m../api/src/app.ts[0m:[93m15[0m:[93m26[0m
    [7m15[0m import { createDb } from "@helpdesk/storage";
    [7m  [0m [96m                         ~~~~~~~~~~~~~~~~~~~[0m
    File is included via import here.

[96m../api/src/lib/db.ts[0m:[93m12[0m:[93m37[0m - [91merror[0m[90m TS6307: [0mFile '/Users/aryaminakshi/Developer/helpdesk/apps/api/src/context.ts' is not listed within the file list of project '/Users/aryaminakshi/Developer/helpdesk/apps/web/tsconfig.json'. Projects must list all files or use an 'include' pattern.
  The file is in the program because:
    Imported via "../context" from file '/Users/aryaminakshi/Developer/helpdesk/apps/api/src/lib/db.ts'
    Imported via "../context" from file '/Users/aryaminakshi/Developer/helpdesk/apps/api/src/lib/create-auth-from-env.ts'
    Imported via "../context" from file '/Users/aryaminakshi/Developer/helpdesk/apps/api/src/procedures/index.ts'
    Imported via '../context' from file '/Users/aryaminakshi/Developer/helpdesk/apps/api/src/routers/tickets.ts'
    Imported via '../context' from file '/Users/aryaminakshi/Developer/helpdesk/apps/api/src/routers/dashboard.ts'
    Imported via '../context' from file '/Users/aryaminakshi/Developer/helpdesk/apps/api/src/routers/kb.ts'
    Imported via '../context' from file '/Users/aryaminakshi/Developer/helpdesk/apps/api/src/routers/files.ts'
    Imported via "./context" from file '/Users/aryaminakshi/Developer/helpdesk/apps/api/src/app.ts'

[7m12[0m import type { InitialContext } from "../context";
[7m  [0m [91m                                    ~~~~~~~~~~~~[0m

  [96m../api/src/lib/create-auth-from-env.ts[0m:[93m10[0m:[93m29[0m
    [7m10[0m import type { AppEnv } from "../context";
    [7m  [0m [96m                            ~~~~~~~~~~~~[0m
    File is included via import here.
  [96m../api/src/procedures/index.ts[0m:[93m16[0m:[93m62[0m
    [7m16[0m import type { InitialContext, AuthContext, OrgContext } from "../context";
    [7m  [0m [96m                                                             ~~~~~~~~~~~~[0m
    File is included via import here.
  [96m../api/src/routers/tickets.ts[0m:[93m19[0m:[93m33[0m
    [7m19[0m import type { OrgContext } from '../context'
    [7m  [0m [96m                                ~~~~~~~~~~~~[0m
    File is included via import here.
  [96m../api/src/routers/dashboard.ts[0m:[93m10[0m:[93m33[0m
    [7m10[0m import type { OrgContext } from '../context'
    [7m  [0m [96m                                ~~~~~~~~~~~~[0m
    File is included via import here.
  [96m../api/src/routers/kb.ts[0m:[93m16[0m:[93m33[0m
    [7m16[0m import type { OrgContext } from '../context'
    [7m  [0m [96m                                ~~~~~~~~~~~~[0m
    File is included via import here.
  [96m../api/src/routers/files.ts[0m:[93m12[0m:[93m33[0m
    [7m12[0m import type { OrgContext } from '../context'
    [7m  [0m [96m                                ~~~~~~~~~~~~[0m
    File is included via import here.
  [96m../api/src/app.ts[0m:[93m18[0m:[93m45[0m
    [7m18[0m import type { AppEnv, InitialContext } from "./context";
    [7m  [0m [96m                                            ~~~~~~~~~~~[0m
    File is included via import here.

[96m../api/src/procedures/index.ts[0m:[93m14[0m:[93m31[0m - [91merror[0m[90m TS6307: [0mFile '/Users/aryaminakshi/Developer/helpdesk/apps/api/src/lib/db.ts' is not listed within the file list of project '/Users/aryaminakshi/Developer/helpdesk/apps/web/tsconfig.json'. Projects must list all files or use an 'include' pattern.

[7m14[0m import { getDb, schema } from "../lib/db";
[7m  [0m [91m                              ~~~~~~~~~~~[0m

[96m../api/src/procedures/index.ts[0m:[93m15[0m:[93m35[0m - [91merror[0m[90m TS6307: [0mFile '/Users/aryaminakshi/Developer/helpdesk/apps/api/src/lib/create-auth-from-env.ts' is not listed within the file list of project '/Users/aryaminakshi/Developer/helpdesk/apps/web/tsconfig.json'. Projects must list all files or use an 'include' pattern.
  The file is in the program because:
    Imported via "../lib/create-auth-from-env" from file '/Users/aryaminakshi/Developer/helpdesk/apps/api/src/procedures/index.ts'
    Imported via "./lib/create-auth-from-env" from file '/Users/aryaminakshi/Developer/helpdesk/apps/api/src/app.ts'

[7m15[0m import { createAuthFromEnv } from "../lib/create-auth-from-env";
[7m  [0m [91m                                  ~~~~~~~~~~~~~~~~~~~~~~~~~~~~~[0m

  [96m../api/src/app.ts[0m:[93m16[0m:[93m35[0m
    [7m16[0m import { createAuthFromEnv } from "./lib/create-auth-from-env";
    [7m  [0m [96m                                  ~~~~~~~~~~~~~~~~~~~~~~~~~~~~[0m
    File is included via import here.

[96m../api/src/routers/dashboard.ts[0m:[93m187[0m:[93m11[0m - [91merror[0m[90m TS2322: [0mType 'string | undefined' is not assignable to type 'string'.
  Type 'undefined' is not assignable to type 'string'.

[7m187[0m           day: date.toISOString().split('T')[0],
[7m   [0m [91m          ~~~[0m

  [96m../api/src/routers/dashboard.ts[0m:[93m165[0m:[93m29[0m
    [7m165[0m       const trends: Array<{ day: string; value: number }> = []
    [7m   [0m [96m                            ~~~[0m
    The expected type comes from property 'day' which is declared here on type '{ day: string; value: number; }'

[96m../api/src/routers/files.ts[0m:[93m11[0m:[93m42[0m - [91merror[0m[90m TS6307: [0mFile '/Users/aryaminakshi/Developer/helpdesk/packages/storage/src/r2/index.ts' is not listed within the file list of project '/Users/aryaminakshi/Developer/helpdesk/apps/web/tsconfig.json'. Projects must list all files or use an 'include' pattern.

[7m11[0m import { uploadToR2, deleteFromR2 } from '@helpdesk/storage/r2'
[7m  [0m [91m                                         ~~~~~~~~~~~~~~~~~~~~~~[0m

[96m../api/src/routers/files.ts[0m:[93m89[0m:[93m9[0m - [91merror[0m[90m TS2345: [0mArgument of type 'R2Bucket' is not assignable to parameter of type 'import("/Users/aryaminakshi/Developer/helpdesk/node_modules/.bun/@cloudflare+workers-types@4.20260117.0/node_modules/@cloudflare/workers-types/index").R2Bucket'.
  The types returned by 'head(...)' are incompatible between these types.
    Type 'Promise<R2Object | null>' is not assignable to type 'Promise<import("/Users/aryaminakshi/Developer/helpdesk/node_modules/.bun/@cloudflare+workers-types@4.20260117.0/node_modules/@cloudflare/workers-types/index").R2Object | null>'.
      Type 'R2Object | null' is not assignable to type 'import("/Users/aryaminakshi/Developer/helpdesk/node_modules/.bun/@cloudflare+workers-types@4.20260117.0/node_modules/@cloudflare/workers-types/index").R2Object | null'.
        Type 'R2Object' is not assignable to type 'import("/Users/aryaminakshi/Developer/helpdesk/node_modules/.bun/@cloudflare+workers-types@4.20260117.0/node_modules/@cloudflare/workers-types/index").R2Object'.
          Types of property 'writeHttpMetadata' are incompatible.
            Type '(headers: Headers) => void' is not assignable to type '(headers: import("/Users/aryaminakshi/Developer/helpdesk/node_modules/.bun/@cloudflare+workers-types@4.20260117.0/node_modules/@cloudflare/workers-types/index").Headers) => void'.
              Types of parameters 'headers' and 'headers' are incompatible.
                Property 'getSetCookie' is missing in type 'import("/Users/aryaminakshi/Developer/helpdesk/node_modules/.bun/@cloudflare+workers-types@4.20260117.0/node_modules/@cloudflare/workers-types/index").Headers' but required in type 'Headers'.

[7m89[0m         bucket,
[7m  [0m [91m        ~~~~~~[0m

  [96m../../node_modules/.bun/typescript@5.9.3/node_modules/typescript/lib/lib.dom.d.ts[0m:[93m17785[0m:[93m5[0m
    [7m17785[0m     getSetCookie(): string[];
    [7m     [0m [96m    ~~~~~~~~~~~~~~~~~~~~~~~~~[0m
    'getSetCookie' is declared here.

[96m../api/src/routers/files.ts[0m:[93m125[0m:[93m30[0m - [91merror[0m[90m TS2345: [0mArgument of type 'R2Bucket' is not assignable to parameter of type 'import("/Users/aryaminakshi/Developer/helpdesk/node_modules/.bun/@cloudflare+workers-types@4.20260117.0/node_modules/@cloudflare/workers-types/index").R2Bucket'.
  The types returned by 'head(...)' are incompatible between these types.
    Type 'Promise<R2Object | null>' is not assignable to type 'Promise<import("/Users/aryaminakshi/Developer/helpdesk/node_modules/.bun/@cloudflare+workers-types@4.20260117.0/node_modules/@cloudflare/workers-types/index").R2Object | null>'.
      Type 'R2Object | null' is not assignable to type 'import("/Users/aryaminakshi/Developer/helpdesk/node_modules/.bun/@cloudflare+workers-types@4.20260117.0/node_modules/@cloudflare/workers-types/index").R2Object | null'.
        Type 'R2Object' is not assignable to type 'import("/Users/aryaminakshi/Developer/helpdesk/node_modules/.bun/@cloudflare+workers-types@4.20260117.0/node_modules/@cloudflare/workers-types/index").R2Object'.
          Types of property 'writeHttpMetadata' are incompatible.
            Type '(headers: Headers) => void' is not assignable to type '(headers: import("/Users/aryaminakshi/Developer/helpdesk/node_modules/.bun/@cloudflare+workers-types@4.20260117.0/node_modules/@cloudflare/workers-types/index").Headers) => void'.
              Types of parameters 'headers' and 'headers' are incompatible.
                Property 'getSetCookie' is missing in type 'import("/Users/aryaminakshi/Developer/helpdesk/node_modules/.bun/@cloudflare+workers-types@4.20260117.0/node_modules/@cloudflare/workers-types/index").Headers' but required in type 'Headers'.

[7m125[0m           await deleteFromR2(bucket, uploadResult.key)
[7m   [0m [91m                             ~~~~~~[0m

  [96m../../node_modules/.bun/typescript@5.9.3/node_modules/typescript/lib/lib.dom.d.ts[0m:[93m17785[0m:[93m5[0m
    [7m17785[0m     getSetCookie(): string[];
    [7m     [0m [96m    ~~~~~~~~~~~~~~~~~~~~~~~~~[0m
    'getSetCookie' is declared here.

[96m../api/src/routers/files.ts[0m:[93m194[0m:[93m26[0m - [91merror[0m[90m TS2345: [0mArgument of type 'R2Bucket' is not assignable to parameter of type 'import("/Users/aryaminakshi/Developer/helpdesk/node_modules/.bun/@cloudflare+workers-types@4.20260117.0/node_modules/@cloudflare/workers-types/index").R2Bucket'.
  The types returned by 'head(...)' are incompatible between these types.
    Type 'Promise<R2Object | null>' is not assignable to type 'Promise<import("/Users/aryaminakshi/Developer/helpdesk/node_modules/.bun/@cloudflare+workers-types@4.20260117.0/node_modules/@cloudflare/workers-types/index").R2Object | null>'.
      Type 'R2Object | null' is not assignable to type 'import("/Users/aryaminakshi/Developer/helpdesk/node_modules/.bun/@cloudflare+workers-types@4.20260117.0/node_modules/@cloudflare/workers-types/index").R2Object | null'.
        Type 'R2Object' is not assignable to type 'import("/Users/aryaminakshi/Developer/helpdesk/node_modules/.bun/@cloudflare+workers-types@4.20260117.0/node_modules/@cloudflare/workers-types/index").R2Object'.
          Types of property 'writeHttpMetadata' are incompatible.
            Type '(headers: Headers) => void' is not assignable to type '(headers: import("/Users/aryaminakshi/Developer/helpdesk/node_modules/.bun/@cloudflare+workers-types@4.20260117.0/node_modules/@cloudflare/workers-types/index").Headers) => void'.
              Types of parameters 'headers' and 'headers' are incompatible.
                Property 'getSetCookie' is missing in type 'import("/Users/aryaminakshi/Developer/helpdesk/node_modules/.bun/@cloudflare+workers-types@4.20260117.0/node_modules/@cloudflare/workers-types/index").Headers' but required in type 'Headers'.

[7m194[0m       await deleteFromR2(bucket, attachment.fileKey)
[7m   [0m [91m                         ~~~~~~[0m

  [96m../../node_modules/.bun/typescript@5.9.3/node_modules/typescript/lib/lib.dom.d.ts[0m:[93m17785[0m:[93m5[0m
    [7m17785[0m     getSetCookie(): string[];
    [7m     [0m [96m    ~~~~~~~~~~~~~~~~~~~~~~~~~[0m
    'getSetCookie' is declared here.

[96m../api/src/routers/health.ts[0m:[93m2[0m:[93m21[0m - [91merror[0m[90m TS6307: [0mFile '/Users/aryaminakshi/Developer/helpdesk/apps/api/src/procedures/index.ts' is not listed within the file list of project '/Users/aryaminakshi/Developer/helpdesk/apps/web/tsconfig.json'. Projects must list all files or use an 'include' pattern.
  The file is in the program because:
    Imported via "../procedures" from file '/Users/aryaminakshi/Developer/helpdesk/apps/api/src/routers/health.ts'
    Imported via '../procedures' from file '/Users/aryaminakshi/Developer/helpdesk/apps/api/src/routers/tickets.ts'
    Imported via '../procedures' from file '/Users/aryaminakshi/Developer/helpdesk/apps/api/src/routers/dashboard.ts'
    Imported via '../procedures' from file '/Users/aryaminakshi/Developer/helpdesk/apps/api/src/routers/kb.ts'
    Imported via '../procedures' from file '/Users/aryaminakshi/Developer/helpdesk/apps/api/src/routers/files.ts'

[7m2[0m import { pub } from "../procedures";
[7m [0m [91m                    ~~~~~~~~~~~~~~~[0m

  [96m../api/src/routers/tickets.ts[0m:[93m9[0m:[93m42[0m
    [7m9[0m import { orgAuthed, getDb, schema } from '../procedures'
    [7m [0m [96m                                         ~~~~~~~~~~~~~~~[0m
    File is included via import here.
  [96m../api/src/routers/dashboard.ts[0m:[93m9[0m:[93m42[0m
    [7m9[0m import { orgAuthed, getDb, schema } from '../procedures'
    [7m [0m [96m                                         ~~~~~~~~~~~~~~~[0m
    File is included via import here.
  [96m../api/src/routers/kb.ts[0m:[93m9[0m:[93m42[0m
    [7m9[0m import { orgAuthed, getDb, schema } from '../procedures'
    [7m [0m [96m                                         ~~~~~~~~~~~~~~~[0m
    File is included via import here.
  [96m../api/src/routers/files.ts[0m:[93m9[0m:[93m42[0m
    [7m9[0m import { orgAuthed, getDb, schema } from '../procedures'
    [7m [0m [96m                                         ~~~~~~~~~~~~~~~[0m
    File is included via import here.

[96m../api/src/routers/index.ts[0m:[93m7[0m:[93m30[0m - [91merror[0m[90m TS6307: [0mFile '/Users/aryaminakshi/Developer/helpdesk/apps/api/src/routers/health.ts' is not listed within the file list of project '/Users/aryaminakshi/Developer/helpdesk/apps/web/tsconfig.json'. Projects must list all files or use an 'include' pattern.

[7m7[0m import { healthRouter } from "./health";
[7m [0m [91m                             ~~~~~~~~~~[0m

[96m../api/src/routers/index.ts[0m:[93m8[0m:[93m31[0m - [91merror[0m[90m TS6307: [0mFile '/Users/aryaminakshi/Developer/helpdesk/apps/api/src/routers/tickets.ts' is not listed within the file list of project '/Users/aryaminakshi/Developer/helpdesk/apps/web/tsconfig.json'. Projects must list all files or use an 'include' pattern.

[7m8[0m import { ticketsRouter } from "./tickets";
[7m [0m [91m                              ~~~~~~~~~~~[0m

[96m../api/src/routers/index.ts[0m:[93m9[0m:[93m33[0m - [91merror[0m[90m TS6307: [0mFile '/Users/aryaminakshi/Developer/helpdesk/apps/api/src/routers/dashboard.ts' is not listed within the file list of project '/Users/aryaminakshi/Developer/helpdesk/apps/web/tsconfig.json'. Projects must list all files or use an 'include' pattern.

[7m9[0m import { dashboardRouter } from "./dashboard";
[7m [0m [91m                                ~~~~~~~~~~~~~[0m

[96m../api/src/routers/index.ts[0m:[93m10[0m:[93m26[0m - [91merror[0m[90m TS6307: [0mFile '/Users/aryaminakshi/Developer/helpdesk/apps/api/src/routers/kb.ts' is not listed within the file list of project '/Users/aryaminakshi/Developer/helpdesk/apps/web/tsconfig.json'. Projects must list all files or use an 'include' pattern.

[7m10[0m import { kbRouter } from "./kb";
[7m  [0m [91m                         ~~~~~~[0m

[96m../api/src/routers/index.ts[0m:[93m11[0m:[93m29[0m - [91merror[0m[90m TS6307: [0mFile '/Users/aryaminakshi/Developer/helpdesk/apps/api/src/routers/files.ts' is not listed within the file list of project '/Users/aryaminakshi/Developer/helpdesk/apps/web/tsconfig.json'. Projects must list all files or use an 'include' pattern.

[7m11[0m import { filesRouter } from "./files";
[7m  [0m [91m                            ~~~~~~~~~[0m

[96m../api/src/routers/kb.ts[0m:[93m14[0m:[93m8[0m - [91merror[0m[90m TS6307: [0mFile '/Users/aryaminakshi/Developer/helpdesk/packages/core/src/validators/kb.ts' is not listed within the file list of project '/Users/aryaminakshi/Developer/helpdesk/apps/web/tsconfig.json'. Projects must list all files or use an 'include' pattern.

[7m14[0m } from '@helpdesk/core/validators/kb'
[7m  [0m [91m       ~~~~~~~~~~~~~~~~~~~~~~~~~~~~~~[0m

[96m../api/src/routers/tickets.ts[0m:[93m15[0m:[93m8[0m - [91merror[0m[90m TS6307: [0mFile '/Users/aryaminakshi/Developer/helpdesk/packages/core/src/validators/ticket.ts' is not listed within the file list of project '/Users/aryaminakshi/Developer/helpdesk/apps/web/tsconfig.json'. Projects must list all files or use an 'include' pattern.
  The file is in the program because:
    Imported via '@helpdesk/core/validators/ticket' from file '/Users/aryaminakshi/Developer/helpdesk/apps/api/src/routers/tickets.ts'
    Imported via "@helpdesk/core/validators/ticket" from file '/Users/aryaminakshi/Developer/helpdesk/apps/web/src/components/tickets/ticket-form.tsx'

[7m15[0m } from '@helpdesk/core/validators/ticket'
[7m  [0m [91m       ~~~~~~~~~~~~~~~~~~~~~~~~~~~~~~~~~~[0m

  [96msrc/components/tickets/ticket-form.tsx[0m:[93m25[0m:[93m56[0m
    [7m25[0m import { ticketFormSchema, type TicketFormInput } from "@helpdesk/core/validators/ticket";
    [7m  [0m [96m                                                       ~~~~~~~~~~~~~~~~~~~~~~~~~~~~~~~~~~[0m
    File is included via import here.

[96m../api/src/routers/tickets.ts[0m:[93m17[0m:[93m55[0m - [91merror[0m[90m TS6307: [0mFile '/Users/aryaminakshi/Developer/helpdesk/packages/core/src/services/email.ts' is not listed within the file list of project '/Users/aryaminakshi/Developer/helpdesk/apps/web/tsconfig.json'. Projects must list all files or use an 'include' pattern.

[7m17[0m import { getEmailService, TicketEmailTemplates } from '@helpdesk/core/services/email'
[7m  [0m [91m                                                      ~~~~~~~~~~~~~~~~~~~~~~~~~~~~~~~[0m

[96m../api/src/routers/tickets.ts[0m:[93m18[0m:[93m60[0m - [91merror[0m[90m TS6307: [0mFile '/Users/aryaminakshi/Developer/helpdesk/packages/core/src/services/sla.ts' is not listed within the file list of project '/Users/aryaminakshi/Developer/helpdesk/apps/web/tsconfig.json'. Projects must list all files or use an 'include' pattern.

[7m18[0m import { calculateSLADueDates, getDefaultSLATargets } from '@helpdesk/core/services/sla'
[7m  [0m [91m                                                           ~~~~~~~~~~~~~~~~~~~~~~~~~~~~~[0m

[96m../api/src/routers/tickets.ts[0m:[93m549[0m:[93m36[0m - [91merror[0m[90m TS18048: [0m'comment' is possibly 'undefined'.

[7m549[0m         { ticketId: id, commentId: comment.id },
[7m   [0m [91m                                   ~~~~~~~[0m

[96msrc/lib/api.ts[0m:[93m12[0m:[93m32[0m - [91merror[0m[90m TS6307: [0mFile '/Users/aryaminakshi/Developer/helpdesk/apps/api/src/routers/index.ts' is not listed within the file list of project '/Users/aryaminakshi/Developer/helpdesk/apps/web/tsconfig.json'. Projects must list all files or use an 'include' pattern.
  The file is in the program because:
    Imported via "@helpdesk/api/router" from file '/Users/aryaminakshi/Developer/helpdesk/apps/web/src/lib/api.ts'
    Imported via "./routers" from file '/Users/aryaminakshi/Developer/helpdesk/apps/api/src/app.ts'

[7m12[0m import type { AppRouter } from "@helpdesk/api/router";
[7m  [0m [91m                               ~~~~~~~~~~~~~~~~~~~~~~[0m

  [96m../api/src/app.ts[0m:[93m14[0m:[93m27[0m
    [7m14[0m import { appRouter } from "./routers";
    [7m  [0m [96m                          ~~~~~~~~~~~[0m
    File is included via import here.

[96msrc/routes/app/kb.tsx[0m:[93m36[0m:[93m49[0m - [91merror[0m[90m TS2322: [0mType '<TType extends OperationType>(options?: OperationKeyOptions<TType, { category?: string | undefined; isPublished?: boolean | undefined; search?: string | undefined; limit?: unknown; offset?: unknown; }> | undefined) => OperationKey<...>' is not assignable to type 'readonly unknown[]'.

[7m36[0m       queryClient.invalidateQueries({ queryKey: orpc.kb.list.key });
[7m  [0m [91m                                                ~~~~~~~~~~~~~~~~[0m

  [96msrc/routes/app/kb.tsx[0m:[93m36[0m:[93m49[0m
    [7m36[0m       queryClient.invalidateQueries({ queryKey: orpc.kb.list.key });
    [7m  [0m [96m                                                ~~~~~~~~~~~~~~~~[0m
    Did you mean to call this expression?

[96msrc/routes/app/tickets.tsx[0m:[93m43[0m:[93m6[0m - [91merror[0m[90m TS2554: [0mExpected 1 arguments, but got 2.

[7m43[0m   }, {
[7m  [0m [91m     ~[0m
[7m44[0m     refetchInterval: 5000,
[7m  [0m [91m~~~~~~~~~~~~~~~~~~~~~~~~~~[0m
[7m45[0m   }));
[7m  [0m [91m~~~[0m

[96msrc/routes/app/tickets/$ticketId.tsx[0m:[93m36[0m:[93m49[0m - [91merror[0m[90m TS2322: [0mType '<TType extends OperationType>(options?: OperationKeyOptions<TType, { id: string; }> | undefined) => OperationKey<TType, { id: string; }>' is not assignable to type 'readonly unknown[]'.

[7m36[0m       queryClient.invalidateQueries({ queryKey: orpc.tickets.get.key });
[7m  [0m [91m                                                ~~~~~~~~~~~~~~~~~~~~[0m

  [96msrc/routes/app/tickets/$ticketId.tsx[0m:[93m36[0m:[93m49[0m
    [7m36[0m       queryClient.invalidateQueries({ queryKey: orpc.tickets.get.key });
    [7m  [0m [96m                                                ~~~~~~~~~~~~~~~~~~~~[0m
    Did you mean to call this expression?

[96msrc/routes/app/tickets/$ticketId.tsx[0m:[93m89[0m:[93m107[0m - [91merror[0m[90m TS2554: [0mExpected 1 arguments, but got 2.

[7m89[0m   const { data: ticket, isLoading } = useQuery(orpc.tickets.get.queryOptions({ input: { id: ticketId } }, {
[7m  [0m [91m                                                                                                          ~[0m
[7m90[0m     refetchInterval: 5000
[7m  [0m [91m~~~~~~~~~~~~~~~~~~~~~~~~~[0m
[7m91[0m   }));
[7m  [0m [91m~~~[0m

[96msrc/routes/app/tickets/$ticketId.tsx[0m:[93m96[0m:[93m49[0m - [91merror[0m[90m TS2322: [0mType '<TType extends OperationType>(options?: OperationKeyOptions<TType, { id: string; }> | undefined) => OperationKey<TType, { id: string; }>' is not assignable to type 'readonly unknown[]'.

[7m96[0m       queryClient.invalidateQueries({ queryKey: orpc.tickets.get.key });
[7m  [0m [91m                                                ~~~~~~~~~~~~~~~~~~~~[0m

  [96msrc/routes/app/tickets/$ticketId.tsx[0m:[93m96[0m:[93m49[0m
    [7m96[0m       queryClient.invalidateQueries({ queryKey: orpc.tickets.get.key });
    [7m  [0m [96m                                                ~~~~~~~~~~~~~~~~~~~~[0m
    Did you mean to call this expression?

[96msrc/routes/app/tickets/$ticketId.tsx[0m:[93m183[0m:[93m22[0m - [91merror[0m[90m TS2304: [0mCannot find name 'Separator'.

[7m183[0m                     <Separator />
[7m   [0m [91m                     ~~~~~~~~~[0m

[96msrc/routes/signup.tsx[0m:[93m16[0m:[93m28[0m - [91merror[0m[90m TS6307: [0mFile '/Users/aryaminakshi/Developer/helpdesk/packages/auth/src/client.ts' is not listed within the file list of project '/Users/aryaminakshi/Developer/helpdesk/apps/web/tsconfig.json'. Projects must list all files or use an 'include' pattern.
  The file is in the program because:
    Imported via "@helpdesk/auth/client" from file '/Users/aryaminakshi/Developer/helpdesk/apps/web/src/routes/signup.tsx'
    Imported via "@helpdesk/auth/client" from file '/Users/aryaminakshi/Developer/helpdesk/apps/web/src/routes/login.tsx'
    Imported via "@helpdesk/auth/client" from file '/Users/aryaminakshi/Developer/helpdesk/apps/web/src/components/dashboard/app-sidebar.tsx'
    Imported via "./client" from file '/Users/aryaminakshi/Developer/helpdesk/packages/auth/src/index.ts'
    Imported via "./client" from file '/Users/aryaminakshi/Developer/helpdesk/packages/auth/src/index.ts'
    Imported via "@helpdesk/auth/client" from file '/Users/aryaminakshi/Developer/helpdesk/apps/web/src/routes/app/settings.tsx'
    Imported via "@helpdesk/auth/client" from file '/Users/aryaminakshi/Developer/helpdesk/apps/web/src/routes/app/tickets/$ticketId.tsx'

[7m16[0m import { authClient } from "@helpdesk/auth/client";
[7m  [0m [91m                           ~~~~~~~~~~~~~~~~~~~~~~~[0m

  [96msrc/routes/login.tsx[0m:[93m13[0m:[93m28[0m
    [7m13[0m import { authClient } from "@helpdesk/auth/client";
    [7m  [0m [96m                           ~~~~~~~~~~~~~~~~~~~~~~~[0m
    File is included via import here.
  [96msrc/components/dashboard/app-sidebar.tsx[0m:[93m31[0m:[93m40[0m
    [7m31[0m import { authClient, useSession } from "@helpdesk/auth/client";
    [7m  [0m [96m                                       ~~~~~~~~~~~~~~~~~~~~~~~[0m
    File is included via import here.
  [96m../../packages/auth/src/index.ts[0m:[93m159[0m:[93m65[0m
    [7m159[0m export { authClient, useSession, signIn, signUp, signOut } from "./client";
    [7m   [0m [96m                                                                ~~~~~~~~~~[0m
    File is included via import here.
  [96m../../packages/auth/src/index.ts[0m:[93m160[0m:[93m36[0m
    [7m160[0m export type { Session, User } from "./client";
    [7m   [0m [96m                                   ~~~~~~~~~~[0m
    File is included via import here.
  [96msrc/routes/app/settings.tsx[0m:[93m14[0m:[93m28[0m
    [7m14[0m import { authClient } from "@helpdesk/auth/client";
    [7m  [0m [96m                           ~~~~~~~~~~~~~~~~~~~~~~~[0m
    File is included via import here.
  [96msrc/routes/app/tickets/$ticketId.tsx[0m:[93m14[0m:[93m28[0m
    [7m14[0m import { authClient } from "@helpdesk/auth/client";
    [7m  [0m [96m                           ~~~~~~~~~~~~~~~~~~~~~~~[0m
    File is included via import here.

[96msrc/server.ts[0m:[93m2[0m:[93m21[0m - [91merror[0m[90m TS6307: [0mFile '/Users/aryaminakshi/Developer/helpdesk/apps/api/src/app.ts' is not listed within the file list of project '/Users/aryaminakshi/Developer/helpdesk/apps/web/tsconfig.json'. Projects must list all files or use an 'include' pattern.

[7m2[0m import { api } from "@helpdesk/api/app";
[7m [0m [91m                    ~~~~~~~~~~~~~~~~~~~[0m

[96msrc/server.ts[0m:[93m21[0m:[93m5[0m - [91merror[0m[90m TS2717: [0mSubsequent property declarations must have the same type.  Property 'config' must be of type 'StartInstanceOptions<[], true, [], []>', but here has type 'StartInstanceOptions<[], true, [], []> | Promise<StartInstanceOptions<[], true, [], []>>'.

[7m21[0m     config: ReturnType<typeof startInstance.getOptions>;
[7m  [0m [91m    ~~~~~~[0m

  [96msrc/routeTree.gen.ts[0m:[93m529[0m:[93m5[0m
    [7m529[0m     config: Awaited<ReturnType<typeof startInstance.getOptions>>
    [7m   [0m [96m    ~~~~~~[0m
    'config' was also declared here.

[96m../../packages/auth/src/index.ts[0m:[93m17[0m:[93m33[0m - [91merror[0m[90m TS6307: [0mFile '/Users/aryaminakshi/Developer/helpdesk/packages/auth/src/kv-storage.ts' is not listed within the file list of project '/Users/aryaminakshi/Developer/helpdesk/apps/web/tsconfig.json'. Projects must list all files or use an 'include' pattern.

[7m17[0m import { createKVStorage } from "./kv-storage";
[7m  [0m [91m                                ~~~~~~~~~~~~~~[0m

[96m../../packages/auth/src/index.ts[0m:[93m18[0m:[93m56[0m - [91merror[0m[90m TS6307: [0mFile '/Users/aryaminakshi/Developer/helpdesk/packages/auth/src/config/stripe.ts' is not listed within the file list of project '/Users/aryaminakshi/Developer/helpdesk/apps/web/tsconfig.json'. Projects must list all files or use an 'include' pattern.

[7m18[0m import { createStripePlugin, createStripeClient } from "./config/stripe";
[7m  [0m [91m                                                       ~~~~~~~~~~~~~~~~~[0m

[96m../../packages/core/src/services/sla.ts[0m:[93m131[0m:[93m3[0m - [91merror[0m[90m TS2322: [0mType 'SLATargets | undefined' is not assignable to type 'SLATargets'.
  Type 'undefined' is not assignable to type 'SLATargets'.

[7m131[0m   return targets[priority] || targets.medium;
[7m   [0m [91m  ~~~~~~[0m

[96m../../packages/storage/src/db/client.ts[0m:[93m3[0m:[93m25[0m - [91merror[0m[90m TS6307: [0mFile '/Users/aryaminakshi/Developer/helpdesk/packages/storage/src/db/schema/index.ts' is not listed within the file list of project '/Users/aryaminakshi/Developer/helpdesk/apps/web/tsconfig.json'. Projects must list all files or use an 'include' pattern.
  The file is in the program because:
    Imported via "./schema" from file '/Users/aryaminakshi/Developer/helpdesk/packages/storage/src/db/client.ts'
    Imported via "./schema" from file '/Users/aryaminakshi/Developer/helpdesk/packages/storage/src/db/index.ts'

[7m3[0m import * as schema from "./schema";
[7m [0m [91m                        ~~~~~~~~~~[0m

  [96m../../packages/storage/src/db/index.ts[0m:[93m2[0m:[93m15[0m
    [7m2[0m export * from "./schema";
    [7m [0m [96m              ~~~~~~~~~~[0m
    File is included via import here.

[96m../../packages/storage/src/db/index.ts[0m:[93m1[0m:[93m49[0m - [91merror[0m[90m TS6307: [0mFile '/Users/aryaminakshi/Developer/helpdesk/packages/storage/src/db/client.ts' is not listed within the file list of project '/Users/aryaminakshi/Developer/helpdesk/apps/web/tsconfig.json'. Projects must list all files or use an 'include' pattern.

[7m1[0m export { createDb, type Database, schema } from "./client";
[7m [0m [91m                                                ~~~~~~~~~~[0m

[96m../../packages/storage/src/db/schema/auth.schema.ts[0m:[93m9[0m:[93m38[0m - [91merror[0m[90m TS6307: [0mFile '/Users/aryaminakshi/Developer/helpdesk/packages/storage/src/db/enums.ts' is not listed within the file list of project '/Users/aryaminakshi/Developer/helpdesk/apps/web/tsconfig.json'. Projects must list all files or use an 'include' pattern.
  The file is in the program because:
    Imported via '../enums' from file '/Users/aryaminakshi/Developer/helpdesk/packages/storage/src/db/schema/auth.schema.ts'
    Imported via '../enums' from file '/Users/aryaminakshi/Developer/helpdesk/packages/storage/src/db/schema/index.ts'

[7m9[0m import { organizationRoleEnum } from '../enums'
[7m [0m [91m                                     ~~~~~~~~~~[0m

  [96m../../packages/storage/src/db/schema/index.ts[0m:[93m7[0m:[93m15[0m
    [7m7[0m export * from '../enums'
    [7m [0m [96m              ~~~~~~~~~~[0m
    File is included via import here.

[96m../../packages/storage/src/db/schema/index.ts[0m:[93m1[0m:[93m15[0m - [91merror[0m[90m TS6307: [0mFile '/Users/aryaminakshi/Developer/helpdesk/packages/storage/src/db/schema/auth.schema.ts' is not listed within the file list of project '/Users/aryaminakshi/Developer/helpdesk/apps/web/tsconfig.json'. Projects must list all files or use an 'include' pattern.
  The file is in the program because:
    Imported via './auth.schema' from file '/Users/aryaminakshi/Developer/helpdesk/packages/storage/src/db/schema/index.ts'
    Imported via "./auth.schema" from file '/Users/aryaminakshi/Developer/helpdesk/packages/storage/src/db/schema/billing.schema.ts'
    Imported via './auth.schema' from file '/Users/aryaminakshi/Developer/helpdesk/packages/storage/src/db/schema/tickets.schema.ts'
    Imported via './auth.schema' from file '/Users/aryaminakshi/Developer/helpdesk/packages/storage/src/db/schema/tickets.schema.ts'
    Imported via './auth.schema' from file '/Users/aryaminakshi/Developer/helpdesk/packages/storage/src/db/schema/kb.schema.ts'
    Imported via './auth.schema' from file '/Users/aryaminakshi/Developer/helpdesk/packages/storage/src/db/schema/kb.schema.ts'
    Imported via './auth.schema' from file '/Users/aryaminakshi/Developer/helpdesk/packages/storage/src/db/schema/sla.schema.ts'
    Imported via './auth.schema' from file '/Users/aryaminakshi/Developer/helpdesk/packages/storage/src/db/schema/canned-responses.schema.ts'
    Imported via './auth.schema' from file '/Users/aryaminakshi/Developer/helpdesk/packages/storage/src/db/schema/canned-responses.schema.ts'

[7m1[0m export * from './auth.schema'
[7m [0m [91m              ~~~~~~~~~~~~~~~[0m

  [96m../../packages/storage/src/db/schema/billing.schema.ts[0m:[93m12[0m:[93m31[0m
    [7m12[0m import { organizations } from "./auth.schema";
    [7m  [0m [96m                              ~~~~~~~~~~~~~~~[0m
    File is included via import here.
  [96m../../packages/storage/src/db/schema/tickets.schema.ts[0m:[93m17[0m:[93m31[0m
    [7m17[0m import { organizations } from './auth.schema'
    [7m  [0m [96m                              ~~~~~~~~~~~~~~~[0m
    File is included via import here.
  [96m../../packages/storage/src/db/schema/tickets.schema.ts[0m:[93m18[0m:[93m23[0m
    [7m18[0m import { users } from './auth.schema'
    [7m  [0m [96m                      ~~~~~~~~~~~~~~~[0m
    File is included via import here.
  [96m../../packages/storage/src/db/schema/kb.schema.ts[0m:[93m18[0m:[93m31[0m
    [7m18[0m import { organizations } from './auth.schema'
    [7m  [0m [96m                              ~~~~~~~~~~~~~~~[0m
    File is included via import here.
  [96m../../packages/storage/src/db/schema/kb.schema.ts[0m:[93m19[0m:[93m23[0m
    [7m19[0m import { users } from './auth.schema'
    [7m  [0m [96m                      ~~~~~~~~~~~~~~~[0m
    File is included via import here.
  [96m../../packages/storage/src/db/schema/sla.schema.ts[0m:[93m17[0m:[93m31[0m
    [7m17[0m import { organizations } from './auth.schema'
    [7m  [0m [96m                              ~~~~~~~~~~~~~~~[0m
    File is included via import here.
  [96m../../packages/storage/src/db/schema/canned-responses.schema.ts[0m:[93m16[0m:[93m31[0m
    [7m16[0m import { organizations } from './auth.schema'
    [7m  [0m [96m                              ~~~~~~~~~~~~~~~[0m
    File is included via import here.
  [96m../../packages/storage/src/db/schema/canned-responses.schema.ts[0m:[93m17[0m:[93m23[0m
    [7m17[0m import { users } from './auth.schema'
    [7m  [0m [96m                      ~~~~~~~~~~~~~~~[0m
    File is included via import here.

[96m../../packages/storage/src/db/schema/index.ts[0m:[93m2[0m:[93m15[0m - [91merror[0m[90m TS6307: [0mFile '/Users/aryaminakshi/Developer/helpdesk/packages/storage/src/db/schema/billing.schema.ts' is not listed within the file list of project '/Users/aryaminakshi/Developer/helpdesk/apps/web/tsconfig.json'. Projects must list all files or use an 'include' pattern.

[7m2[0m export * from './billing.schema'
[7m [0m [91m              ~~~~~~~~~~~~~~~~~~[0m

[96m../../packages/storage/src/db/schema/index.ts[0m:[93m3[0m:[93m15[0m - [91merror[0m[90m TS6307: [0mFile '/Users/aryaminakshi/Developer/helpdesk/packages/storage/src/db/schema/tickets.schema.ts' is not listed within the file list of project '/Users/aryaminakshi/Developer/helpdesk/apps/web/tsconfig.json'. Projects must list all files or use an 'include' pattern.
  The file is in the program because:
    Imported via './tickets.schema' from file '/Users/aryaminakshi/Developer/helpdesk/packages/storage/src/db/schema/index.ts'
    Imported via './tickets.schema' from file '/Users/aryaminakshi/Developer/helpdesk/packages/storage/src/db/schema/sla.schema.ts'

[7m3[0m export * from './tickets.schema'
[7m [0m [91m              ~~~~~~~~~~~~~~~~~~[0m

  [96m../../packages/storage/src/db/schema/sla.schema.ts[0m:[93m18[0m:[93m25[0m
    [7m18[0m import { tickets } from './tickets.schema'
    [7m  [0m [96m                        ~~~~~~~~~~~~~~~~~~[0m
    File is included via import here.

[96m../../packages/storage/src/db/schema/index.ts[0m:[93m4[0m:[93m15[0m - [91merror[0m[90m TS6307: [0mFile '/Users/aryaminakshi/Developer/helpdesk/packages/storage/src/db/schema/kb.schema.ts' is not listed within the file list of project '/Users/aryaminakshi/Developer/helpdesk/apps/web/tsconfig.json'. Projects must list all files or use an 'include' pattern.

[7m4[0m export * from './kb.schema'
[7m [0m [91m              ~~~~~~~~~~~~~[0m

[96m../../packages/storage/src/db/schema/index.ts[0m:[93m5[0m:[93m15[0m - [91merror[0m[90m TS6307: [0mFile '/Users/aryaminakshi/Developer/helpdesk/packages/storage/src/db/schema/sla.schema.ts' is not listed within the file list of project '/Users/aryaminakshi/Developer/helpdesk/apps/web/tsconfig.json'. Projects must list all files or use an 'include' pattern.

[7m5[0m export * from './sla.schema'
[7m [0m [91m              ~~~~~~~~~~~~~~[0m

[96m../../packages/storage/src/db/schema/index.ts[0m:[93m6[0m:[93m15[0m - [91merror[0m[90m TS6307: [0mFile '/Users/aryaminakshi/Developer/helpdesk/packages/storage/src/db/schema/canned-responses.schema.ts' is not listed within the file list of project '/Users/aryaminakshi/Developer/helpdesk/apps/web/tsconfig.json'. Projects must list all files or use an 'include' pattern.

[7m6[0m export * from './canned-responses.schema'
[7m [0m [91m              ~~~~~~~~~~~~~~~~~~~~~~~~~~~[0m

[96m../../packages/storage/src/r2/index.ts[0m:[93m1[0m:[93m92[0m - [91merror[0m[90m TS6307: [0mFile '/Users/aryaminakshi/Developer/helpdesk/packages/storage/src/r2/upload.ts' is not listed within the file list of project '/Users/aryaminakshi/Developer/helpdesk/apps/web/tsconfig.json'. Projects must list all files or use an 'include' pattern.

[7m1[0m export { uploadToR2, deleteFromR2, getFromR2, type UploadOptions, type UploadResult } from "./upload";
[7m [0m [91m                                                                                           ~~~~~~~~~~[0m


Found 46 errors in 23 files.

Errors  Files
     1  ../api/src/app.ts[90m:17[0m
     2  ../api/src/context.ts[90m:12[0m
     2  ../api/src/lib/db.ts[90m:11[0m
     2  ../api/src/procedures/index.ts[90m:14[0m
     1  ../api/src/routers/dashboard.ts[90m:187[0m
     4  ../api/src/routers/files.ts[90m:11[0m
     1  ../api/src/routers/health.ts[90m:2[0m
     5  ../api/src/routers/index.ts[90m:7[0m
     1  ../api/src/routers/kb.ts[90m:14[0m
     4  ../api/src/routers/tickets.ts[90m:15[0m
     1  src/lib/api.ts[90m:12[0m
     1  src/routes/app/kb.tsx[90m:36[0m
     1  src/routes/app/tickets.tsx[90m:43[0m
     4  src/routes/app/tickets/$ticketId.tsx[90m:36[0m
     1  src/routes/signup.tsx[90m:16[0m
     2  src/server.ts[90m:2[0m
     2  ../../packages/auth/src/index.ts[90m:17[0m
     1  ../../packages/core/src/services/sla.ts[90m:131[0m
     1  ../../packages/storage/src/db/client.ts[90m:3[0m
     1  ../../packages/storage/src/db/index.ts[90m:1[0m
     1  ../../packages/storage/src/db/schema/auth.schema.ts[90m:9[0m
     6  ../../packages/storage/src/db/schema/index.ts[90m:1[0m
     1  ../../packages/storage/src/r2/index.ts[90m:1[0m
[0m[31merror[0m[2m:[0m script [1m"typecheck"[0m exited with code 1[0m
